2025-12-31T15:49:56.481Z [INFO]: fc4385fb-e561-462c-adbc-3bfa48f6815d - request received to get product by ID: 6953657b374145c525c9dc
2025-12-31T15:49:56.496Z [ERROR]: fc4385fb-e561-462c-adbc-3bfa48f6815d - request failed to get product by ID: Cast to ObjectId failed for value "6953657b374145c525c9dc" (type string) at path "_id" for model "Products"
2026-01-02T03:59:48.896Z [INFO]: c88fd463-a76c-4b85-bcda-842277cbd3bc - request received to get all products
2026-01-02T03:59:49.037Z [INFO]: c88fd463-a76c-4b85-bcda-842277cbd3bc - request completed to get all products
2026-01-02T04:01:24.861Z [INFO]: e9993a10-8f1f-47bd-82b8-925abf16cdd5 - request received to get all products
2026-01-02T04:01:24.910Z [INFO]: e9993a10-8f1f-47bd-82b8-925abf16cdd5 - request completed to get all products
2026-01-02T04:14:21.740Z [INFO]: b423176f-e6a6-4020-9f1b-df595d59d184 - request received to get all products
2026-01-02T04:14:21.888Z [INFO]: b423176f-e6a6-4020-9f1b-df595d59d184 - request completed to get all products
2026-01-02T04:16:02.527Z [INFO]: 0e068a20-9f53-4075-8c86-de6ff4b56424 - request received to get all products
2026-01-02T04:16:02.587Z [INFO]: 0e068a20-9f53-4075-8c86-de6ff4b56424 - request completed to get all products
2026-01-02T04:16:26.390Z [INFO]: 3538103f-452b-4f3e-a087-6295b678faf1 - request received to get all products
2026-01-02T04:16:26.485Z [INFO]: 3538103f-452b-4f3e-a087-6295b678faf1 - request completed to get all products
2026-01-02T04:17:28.361Z [INFO]: 680ec728-fb3f-4ce8-b54c-7d590fabefa4 - request received to get product by ID: 6953657b374145c525c9dc
2026-01-02T04:17:28.366Z [ERROR]: 680ec728-fb3f-4ce8-b54c-7d590fabefa4 - request failed to get product by ID: Cast to ObjectId failed for value "6953657b374145c525c9dc" (type string) at path "_id" for model "Products"
2026-01-02T04:17:53.206Z [INFO]: cace4b92-320c-4732-8c9f-6cc3ba37ee4f - request received to get product by ID: 6953821c952e79de9c09c48c
2026-01-02T04:17:53.278Z [INFO]: cace4b92-320c-4732-8c9f-6cc3ba37ee4f - request completed to get product by ID: 6953821c952e79de9c09c48c
2026-01-02T04:18:36.667Z [INFO]: 77966a72-3450-4eb8-923b-08ce39375e47 - request received to delete product by ID: 6953821c952e79de9c09c48c
2026-01-02T04:18:36.726Z [INFO]: 77966a72-3450-4eb8-923b-08ce39375e47 - request completed to delete product by ID: 6953821c952e79de9c09c48c
2026-01-02T04:19:25.788Z [INFO]: 2156418e-2232-4dbf-9ed2-16663bc988c3 - request received to update product by ID: 6953657b374145c525c9dc93
2026-01-02T04:19:25.846Z [INFO]: 2156418e-2232-4dbf-9ed2-16663bc988c3 - request completed to update product by ID: 6953657b374145c525c9dc93
2026-01-02T06:26:36.997Z [INFO]: 0277a579-27a2-493b-9c64-cce9b911a485 - request received to get all products
2026-01-02T06:26:37.068Z [INFO]: 0277a579-27a2-493b-9c64-cce9b911a485 - request completed to get all products
2026-01-02T06:26:49.127Z [INFO]: ed9a9d0d-5bb4-4076-a61a-36139a3cf55d - request received to get all products
2026-01-02T06:26:49.160Z [INFO]: ed9a9d0d-5bb4-4076-a61a-36139a3cf55d - request completed to get all products
2026-01-02T06:27:04.576Z [INFO]: e8df2bd1-3a96-40c8-9fee-68870a3e0bc5 - request received to get all products
2026-01-02T06:27:04.610Z [INFO]: e8df2bd1-3a96-40c8-9fee-68870a3e0bc5 - request completed to get all products
2026-01-02T06:28:09.235Z [INFO]: bd923dd2-eefd-434d-84a6-b00f53be76d1 - request received to get all products
2026-01-02T06:28:44.007Z [INFO]: bd923dd2-eefd-434d-84a6-b00f53be76d1 - request completed to get all products
2026-01-02T06:38:30.208Z [INFO]: b1e566f0-b716-48ba-b56d-0381af19aa2a - request received to get all products
2026-01-02T06:38:30.267Z [INFO]: b1e566f0-b716-48ba-b56d-0381af19aa2a - request completed to get all products
2026-01-02T09:06:27.155Z [INFO]: 6d51a6e2-4505-4d0f-82ed-930e87ff957a - request received to get product by ID: 6953657b374145c525c9dc93
2026-01-02T09:06:27.310Z [INFO]: 6d51a6e2-4505-4d0f-82ed-930e87ff957a - request completed to get product by ID: 6953657b374145c525c9dc93
2026-01-02T10:13:54.218Z [INFO]: 6fab9189-97f7-4d01-8aa5-e987f117f7db - request received to get all products
2026-01-02T10:13:54.421Z [INFO]: 6fab9189-97f7-4d01-8aa5-e987f117f7db - request completed to get all products
